#
# There is insufficient memory for the Java Runtime Environment to continue.
# Native memory allocation (mmap) failed to map 67108864 bytes for Failed to commit area from 0x00000000c1000000 to 0x00000000c5000000 of length 67108864.
# Possible reasons:
#   The system is out of physical RAM or swap space
#   The process is running with CompressedOops enabled, and the Java Heap may be blocking the growth of the native heap
# Possible solutions:
#   Reduce memory load on the system
#   Increase physical memory or swap space
#   Check if swap backing store is full
#   Decrease Java heap size (-Xmx/-Xms)
#   Decrease number of Java threads
#   Decrease Java thread stack sizes (-Xss)
#   Set larger code cache with -XX:ReservedCodeCacheSize=
# This output file may be truncated or incomplete.
#
#  Out of Memory Error (./src/hotspot/os/windows/os_windows.cpp:3619), pid=5100, tid=4508
#
# JRE version:  (11.0.13) (build )
# Java VM: OpenJDK 64-Bit Server VM (11.0.13+0-b1751.21-8125866, mixed mode, sharing, tiered, compressed oops, g1 gc, windows-amd64)
# No core dump will be written. Minidumps are not enabled by default on client versions of Windows
#

---------------  S U M M A R Y ------------

Command Line: org.jetbrains.kotlin.cli.jvm.K2JVMCompiler @C:\Users\Dell\AndroidStudioProjects\Firebase\app\build\20221203_15926469549544242941.compiler.options

Host: Intel(R) Core(TM) i5-4210U CPU @ 1.70GHz, 4 cores, 3G,  Windows 8.1 , 64 bit Build 9600 (6.3.9600.20625)
Time: Sat Dec  3 18:13:09 2022 Pacific Standard Time elapsed time: 3.049639 seconds (0d 0h 0m 3s)

---------------  T H R E A D  ---------------

Current thread (0x0000008f8d4c5800):  JavaThread "Unknown thread" [_thread_in_vm, id=4508, stack(0x0000008f8cb70000,0x0000008f8cc70000)]

Stack: [0x0000008f8cb70000,0x0000008f8cc70000]
Native frames: (J=compiled Java code, j=interpreted, Vv=VM code, C=native code)
V  [jvm.dll+0x6100fa]
V  [jvm.dll+0x747090]
V  [jvm.dll+0x7486ad]
V  [jvm.dll+0x748d83]
V  [jvm.dll+0x24ab48]
V  [jvm.dll+0x60d164]
V  [jvm.dll+0x601e75]
V  [jvm.dll+0x308bdb]
V  [jvm.dll+0x308b4a]
V  [jvm.dll+0x308a22]
V  [jvm.dll+0x30d986]
V  [jvm.dll+0x357093]
V  [jvm.dll+0x357796]
V  [jvm.dll+0x357193]
V  [jvm.dll+0x2e3448]
V  [jvm.dll+0x2e45f7]
V  [jvm.dll+0x7242e7]
V  [jvm.dll+0x725adc]
V  [jvm.dll+0x364629]
V  [jvm.dll+0x707cee]
V  [jvm.dll+0x3d2633]
V  [jvm.dll+0x3d4a21]
C  [jli.dll+0x536b]
C  [ucrtbase.DLL+0x1f4a0]
C  [KERNEL32.DLL+0x13d2]
C  [ntdll.dll+0x15504]


---------------  P R O C E S S  ---------------

Threads class SMR info:
_java_thread_list=0x0000008f8b27d150, length=0, elements={
}

Java Threads: ( => current thread )

Other Threads:
  0x0000008f8d4df000 GCTaskThread "GC Thread#0" [stack: 0x0000008f8ce50000,0x0000008f8cf50000] [id=4032]
  0x0000008f8d4fc000 ConcurrentGCThread "G1 Main Marker" [stack: 0x0000008fa2530000,0x0000008fa2630000] [id=1584]
  0x0000008f8d4fd800 ConcurrentGCThread "G1 Conc#0" [stack: 0x0000008fa2630000,0x0000008fa2730000] [id=6876]

[error occurred during error reporting (printing all threads), id 0xc0000005, EXCEPTION_ACCESS_VIOLATION (0xc0000005) at pc=0x00007ffac5bf3dd7]

VM state:not at safepoint (not fully initialized)

VM Mutex/Monitor currently owned by a thread:  ([mutex/lock_event])
[0x0000008f8d4c4c20] Heap_lock - owner thread: 0x0000008f8d4c5800

Heap address: 0x00000000c1000000, size: 1008 MB, Compressed Oops mode: Non-zero based: 0x00000000c1000000
Narrow klass base: 0x0000000000000000, Narrow klass shift: 0

GC Heap History (0 events):
No events

Deoptimization events (0 events):
No events

Classes redefined (0 events):
No events

Internal exceptions (0 events):
No events

Events (1 events):
Event: 1.427 Loaded shared library C:\Program Files\Android\Android Studio\jre\bin\zip.dll


Dynamic libraries:
0x00007ff6364a0000 - 0x00007ff6364aa000 	C:\Program Files\Android\Android Studio\jre\bin\java.exe
0x00007ffae3a80000 - 0x00007ffae3c2d000 	C:\Windows\SYSTEM32\ntdll.dll
0x00007ffae15a0000 - 0x00007ffae16df000 	C:\Windows\system32\KERNEL32.DLL
0x00007ffae0fb0000 - 0x00007ffae10c4000 	C:\Windows\system32\KERNELBASE.dll
0x00007ffaddb00000 - 0x00007ffaddb19000 	C:\Program Files\Android\Android Studio\jre\bin\jli.dll
0x00007ffadbd10000 - 0x00007ffadbd27000 	C:\Program Files\Android\Android Studio\jre\bin\VCRUNTIME140.dll
0x00007ffad9a80000 - 0x00007ffad9a84000 	C:\Windows\SYSTEM32\api-ms-win-crt-stdio-l1-1-0.dll
0x00007ffad9ac0000 - 0x00007ffad9ac4000 	C:\Windows\SYSTEM32\api-ms-win-crt-runtime-l1-1-0.dll
0x00007ffad98a0000 - 0x00007ffad98a3000 	C:\Windows\SYSTEM32\api-ms-win-crt-environment-l1-1-0.dll
0x00007ffad9a90000 - 0x00007ffad9a95000 	C:\Windows\SYSTEM32\api-ms-win-crt-math-l1-1-0.dll
0x00007ffad9a70000 - 0x00007ffad9a73000 	C:\Windows\SYSTEM32\api-ms-win-crt-locale-l1-1-0.dll
0x00007ffad9ab0000 - 0x00007ffad9ab3000 	C:\Windows\SYSTEM32\api-ms-win-crt-heap-l1-1-0.dll
0x00007ffade0b0000 - 0x00007ffade32b000 	C:\Windows\WinSxS\amd64_microsoft.windows.common-controls_6595b64144ccf1df_6.0.9600.19394_none_62486577ecb635cf\COMCTL32.dll
0x00007ffae16e0000 - 0x00007ffae1857000 	C:\Windows\system32\USER32.dll
0x00007ffad98b0000 - 0x00007ffad98b3000 	C:\Windows\SYSTEM32\api-ms-win-crt-filesystem-l1-1-0.dll
0x00007ffad9aa0000 - 0x00007ffad9aa4000 	C:\Windows\SYSTEM32\api-ms-win-crt-string-l1-1-0.dll
0x00007ffad9a40000 - 0x00007ffad9a44000 	C:\Windows\SYSTEM32\api-ms-win-crt-convert-l1-1-0.dll
0x00007ffae1f10000 - 0x00007ffae1fba000 	C:\Windows\system32\msvcrt.dll
0x00007ffae37d0000 - 0x00007ffae391e000 	C:\Windows\system32\GDI32.dll
0x00007ffad8da0000 - 0x00007ffad8e94000 	C:\Windows\SYSTEM32\ucrtbase.DLL
0x00007ffae1500000 - 0x00007ffae1536000 	C:\Windows\system32\IMM32.DLL
0x00007ffae1160000 - 0x00007ffae12b1000 	C:\Windows\system32\MSCTF.dll
0x00007ffad7570000 - 0x00007ffad760d000 	C:\Program Files\Android\Android Studio\jre\bin\msvcp140.dll
0x00007ffad6070000 - 0x00007ffad6075000 	C:\Windows\SYSTEM32\api-ms-win-crt-multibyte-l1-1-0.dll
0x00007ffad9a30000 - 0x00007ffad9a33000 	C:\Windows\SYSTEM32\api-ms-win-crt-time-l1-1-0.dll
0x00007ffad9a20000 - 0x00007ffad9a23000 	C:\Windows\SYSTEM32\api-ms-win-crt-utility-l1-1-0.dll
0x00007ffac5900000 - 0x00007ffac6402000 	C:\Program Files\Android\Android Studio\jre\bin\server\jvm.dll
0x00007ffae1ca0000 - 0x00007ffae1d4d000 	C:\Windows\system32\ADVAPI32.dll
0x00007ffaddb40000 - 0x00007ffaddb49000 	C:\Windows\SYSTEM32\WSOCK32.dll
0x00007ffad99f0000 - 0x00007ffad9a12000 	C:\Windows\SYSTEM32\WINMM.dll
0x00007ffadfdf0000 - 0x00007ffadfdfa000 	C:\Windows\SYSTEM32\VERSION.dll
0x00007ffae3920000 - 0x00007ffae3927000 	C:\Windows\system32\PSAPI.DLL
0x00007ffae1540000 - 0x00007ffae159b000 	C:\Windows\SYSTEM32\sechost.dll
0x00007ffae19c0000 - 0x00007ffae1af5000 	C:\Windows\system32\RPCRT4.dll
0x00007ffae3a20000 - 0x00007ffae3a7a000 	C:\Windows\system32\WS2_32.dll
0x00007ffad8c90000 - 0x00007ffad8cba000 	C:\Windows\SYSTEM32\WINMMBASE.dll
0x00007ffae10d0000 - 0x00007ffae10fe000 	C:\Windows\system32\SspiCli.dll
0x00007ffae3a00000 - 0x00007ffae3a09000 	C:\Windows\system32\NSI.dll
0x00007ffae0eb0000 - 0x00007ffae0eff000 	C:\Windows\SYSTEM32\cfgmgr32.dll
0x00007ffadf6f0000 - 0x00007ffadf718000 	C:\Windows\SYSTEM32\DEVOBJ.dll
0x00007ffada270000 - 0x00007ffada281000 	C:\Program Files\Android\Android Studio\jre\bin\verify.dll
0x00007ffad6090000 - 0x00007ffad621a000 	C:\Windows\SYSTEM32\DBGHELP.DLL
0x00007ffad52d0000 - 0x00007ffad52f9000 	C:\Program Files\Android\Android Studio\jre\bin\java.dll
0x00007ffadd8c0000 - 0x00007ffadd8cb000 	C:\Program Files\Android\Android Studio\jre\bin\jimage.dll
0x00007ffad9ad0000 - 0x00007ffad9ae8000 	C:\Program Files\Android\Android Studio\jre\bin\zip.dll

dbghelp: loaded successfully - version: 4.0.5 - missing functions: none
symbol engine: initialized successfully - sym options: 0x614 - pdb path: .;C:\Program Files\Android\Android Studio\jre\bin;C:\Windows\SYSTEM32;C:\Windows\WinSxS\amd64_microsoft.windows.common-controls_6595b64144ccf1df_6.0.9600.19394_none_62486577ecb635cf;C:\Program Files\Android\Android Studio\jre\bin\server

VM Arguments:
java_command: org.jetbrains.kotlin.cli.jvm.K2JVMCompiler @C:\Users\Dell\AndroidStudioProjects\Firebase\app\build\20221203_15926469549544242941.compiler.options
java_class_path (initial): C:\Users\Dell\.gradle\caches\modules-2\files-2.1\org.jetbrains.kotlin\kotlin-compiler-embeddable\1.7.20\8db18559a581dd2c36ddfd5046af145650f5b126\kotlin-compiler-embeddable-1.7.20.jar;C:\Users\Dell\.gradle\caches\modules-2\files-2.1\org.jetbrains.kotlin\kotlin-reflect\1.7.20\12b2501e33bb6373e8e347c86d85481863629381\kotlin-reflect-1.7.20.jar;C:\Users\Dell\.gradle\caches\modules-2\files-2.1\org.jetbrains.kotlin\kotlin-stdlib\1.7.20\726594ea9ba2beb2ee113647fefa9a10f9fabe52\kotlin-stdlib-1.7.20.jar;C:\Users\Dell\.gradle\caches\modules-2\files-2.1\org.jetbrains.kotlin\kotlin-script-runtime\1.7.20\bcd1cc6f865e632550357fcc59f5ffd532615a8\kotlin-script-runtime-1.7.20.jar;C:\Users\Dell\.gradle\caches\modules-2\files-2.1\org.jetbrains.kotlin\kotlin-daemon-embeddable\1.7.20\1e24355adad8d529d75d5b19eab55484057431ba\kotlin-daemon-embeddable-1.7.20.jar;C:\Users\Dell\.gradle\caches\modules-2\files-2.1\org.jetbrains.intellij.deps\trove4j\1.0.20200330\3afb14d5f9ceb459d724e907a21145e8ff394f02\trove4j-1.0.20200330.jar;C:\Users\Dell\.gradle\caches\modules-2\files-2.1\net.java.dev.jna\jna\5.6.0\330f2244e9030119ab3030fc3fededc86713d9cc\jna-5.6.0.jar;C:\Users\Dell\.gradle\caches\modules-2\files-2.1\org.jetbrains.kotlin\kotlin-stdlib-common\1.7.20\e15351bdaf9fa06f009be5da7a202e4184f00ae3\kotlin-stdlib-common-1.7.20.jar;C:\Users\Dell\.gradle\caches\modules-2\files-2.1\org.jetbrains\annotations\13.0\919f0dfe192fb4e063e7dacadee7f8bb9a2672a9\annotations-13.0.jar
Launcher Type: SUN_STANDARD

[Global flags]
     intx CICompilerCount                          = 3                                         {product} {ergonomic}
     uint ConcGCThreads                            = 1                                         {product} {ergonomic}
     uint G1ConcRefinementThreads                  = 4                                         {product} {ergonomic}
   size_t G1HeapRegionSize                         = 1048576                                   {product} {ergonomic}
    uintx GCDrainStackTargetSize                   = 64                                        {product} {ergonomic}
   size_t InitialHeapSize                          = 67108864                                  {product} {ergonomic}
   size_t MarkStackSize                            = 4194304                                   {product} {ergonomic}
   size_t MaxHeapSize                              = 1056964608                                {product} {ergonomic}
   size_t MinHeapDeltaBytes                        = 1048576                                   {product} {ergonomic}
    uintx NonNMethodCodeHeapSize                   = 5830732                                {pd product} {ergonomic}
    uintx NonProfiledCodeHeapSize                  = 122913754                              {pd product} {ergonomic}
    uintx ProfiledCodeHeapSize                     = 122913754                              {pd product} {ergonomic}
    uintx ReservedCodeCacheSize                    = 251658240                              {pd product} {ergonomic}
     bool SegmentedCodeCache                       = true                                      {product} {ergonomic}
     bool UseCompressedClassPointers               = true                                 {lp64_product} {ergonomic}
     bool UseCompressedOops                        = true                                 {lp64_product} {ergonomic}
     bool UseG1GC                                  = true                                      {product} {ergonomic}
     bool UseLargePagesIndividualAllocation        = false                                  {pd product} {ergonomic}

Logging:
Log output configuration:
 #0: stdout all=warning uptime,level,tags
 #1: stderr all=off uptime,level,tags

Environment Variables:
PATH=C:\Python\Python382\Scripts\;C:\Users\Dell\AppData\Local\Programs\Python\Python310\;C:\Program Files (x86)\Common Files\Oracle\Java\javapath;C:\Windows\system32;C:\Windows;C:\Windows\System32\Wbem;C:\Windows\System32\WindowsPowerShell\v1.0\;C:\Program Files\MySQL\MySQL Shell 8.0\bin\;C:\Users\Dell\AppData\Local\Programs\Python\Python310\Scripts\;C:\Users\Dell\AppData\Local\Programs\Python\Python310\;C:\Users\Dell\AppData\Local\Programs\Microsoft VS Code\bin
USERNAME=Dell
OS=Windows_NT
PROCESSOR_IDENTIFIER=Intel64 Family 6 Model 69 Stepping 1, GenuineIntel



---------------  S Y S T E M  ---------------

OS: Windows 8.1 , 64 bit Build 9600 (6.3.9600.20625)
OS uptime: 0 days 23:52 hours

CPU:total 4 (initial active 4) (2 cores per cpu, 2 threads per core) family 6 model 69 stepping 1 microcode 0x1c, cmov, cx8, fxsr, mmx, sse, sse2, sse3, ssse3, sse4.1, sse4.2, popcnt, avx, avx2, aes, clmul, erms, lzcnt, ht, tsc, tscinvbit, bmi1, bmi2, fma

Memory: 4k page, system-wide physical 4029M (181M free)
TotalPageFile size 7101M (AvailPageFile size 14M)
current process WorkingSet (physical memory assigned to process): 9M, peak: 9M
current process commit charge ("private bytes"): 51M, peak: 115M

vm_info: OpenJDK 64-Bit Server VM (11.0.13+0-b1751.21-8125866) for windows-amd64 JRE (11.0.13+0-b1751.21-8125866), built on Feb  2 2022 03:00:22 by "builder" with MS VC++ 14.0 (VS2015)

END.
